[debug] [2024-02-05T20:47:53.401Z] ----------------------------------------------------------------------
[debug] [2024-02-05T20:47:53.408Z] Command:       C:\Program Files\nodejs\node.exe C:\Users\Nilesh\AppData\Roaming\npm\node_modules\firebase-tools\lib\bin\firebase.js init
[debug] [2024-02-05T20:47:53.410Z] CLI Version:   13.1.0
[debug] [2024-02-05T20:47:53.410Z] Platform:      win32
[debug] [2024-02-05T20:47:53.411Z] Node Version:  v18.16.0
[debug] [2024-02-05T20:47:53.414Z] Time:          Tue Feb 06 2024 02:17:53 GMT+0530 (India Standard Time)
[debug] [2024-02-05T20:47:53.415Z] ----------------------------------------------------------------------
[debug] 
[debug] [2024-02-05T20:47:53.437Z] >>> [apiv2][query] GET https://firebase-public.firebaseio.com/cli.json [none]
[debug] [2024-02-05T20:47:53.616Z] > command requires scopes: ["email","openid","https://www.googleapis.com/auth/cloudplatformprojects.readonly","https://www.googleapis.com/auth/firebase","https://www.googleapis.com/auth/cloud-platform"]
[debug] [2024-02-05T20:47:53.617Z] > authorizing via signed-in user (nileshmishra080@gmail.com)
[info] 
     ######## #### ########  ######## ########     ###     ######  ########
     ##        ##  ##     ## ##       ##     ##  ##   ##  ##       ##
     ######    ##  ########  ######   ########  #########  ######  ######
     ##        ##  ##    ##  ##       ##     ## ##     ##       ## ##
     ##       #### ##     ## ######## ########  ##     ##  ######  ########

You're about to initialize a Firebase project in this directory:

  C:\Users\Nilesh\Desktop\alpaago

[debug] [2024-02-05T20:47:55.266Z] <<< [apiv2][status] GET https://firebase-public.firebaseio.com/cli.json 200
[debug] [2024-02-05T20:47:55.268Z] <<< [apiv2][body] GET https://firebase-public.firebaseio.com/cli.json {"cloudBuildErrorAfter":1594252800000,"cloudBuildWarnAfter":1590019200000,"defaultNode10After":1594252800000,"minVersion":"3.0.5","node8DeploysDisabledAfter":1613390400000,"node8RuntimeDisabledAfter":1615809600000,"node8WarnAfter":1600128000000}
